<?xml version="1.0" encoding="UTF-8"?>
<!-- Generated by org.testng.reporters.JUnitXMLReporter -->
<testsuite ignored="2" hostname="PRASANNA" failures="0" tests="1" name="Test" time="7.649" errors="0" timestamp="2025-01-11T23:49:10 IST">
  <testcase classname="TestngScenarios.Filpkart" name="NavigatetoFilpkart" time="7.593"/>
  <testcase classname="TestngScenarios.Swiggy" name="navigateToSwiggy" time="0.0">
    <ignored/>
  </testcase> <!-- navigateToSwiggy -->
  <testcase classname="TestngScenarios.Zomato" name="NavigatetoZomato" time="0.0">
    <ignored/>
  </testcase> <!-- NavigatetoZomato -->
</testsuite> <!-- Test -->
