<?xml version="1.0" encoding="UTF-8"?>
<testng-results ignored="0" total="1" passed="1" failed="0" skipped="0">
  <reporter-output>
  </reporter-output>
  <suite started-at="2025-03-20T01:16:39 IST" name="Default suite" finished-at="2025-03-20T01:16:49 IST" duration-ms="9961">
    <groups>
    </groups>
    <test started-at="2025-03-20T01:16:39 IST" name="Default test" finished-at="2025-03-20T01:16:49 IST" duration-ms="9961">
      <class name="DataDrivenTesting.ValidatetheanyApplication">
        <test-method signature="Validate()[pri:0, instance:DataDrivenTesting.ValidatetheanyApplication@3e694b3f]" started-at="2025-03-20T01:16:39 IST" name="Validate" finished-at="2025-03-20T01:16:49 IST" duration-ms="9914" status="PASS">
          <reporter-output>
          </reporter-output>
        </test-method> <!-- Validate -->
      </class> <!-- DataDrivenTesting.ValidatetheanyApplication -->
    </test> <!-- Default test -->
  </suite> <!-- Default suite -->
</testng-results>
